<?xml version="1.0" encoding="UTF-8"?>
<!-- Generated by org.testng.reporters.JUnitXMLReporter -->
<testsuite hostname="ASHU" ignored="0" name="Test" tests="1" failures="1" timestamp="24 Sep 2018 11:02:42 GMT" time="0.035" errors="0">
  <testcase name="login" time="0.0" classname="TestngEx.ParameterEx">
    <failure type="org.testng.TestNGException" message="
Parameter &amp;apos;name&amp;apos; is required by @Test on method login but has not been marked @Optional or defined
in C:\Users\ashwini\eclipse-workspace\MyProject\testng3.xml">
      <![CDATA[org.testng.TestNGException: 
Parameter 'name' is required by @Test on method login but has not been marked @Optional or defined
in C:\Users\ashwini\eclipse-workspace\MyProject\testng3.xml
... Removed 24 stack frames]]>
    </failure>
  </testcase> <!-- login -->
</testsuite> <!-- Test -->
